sample.interval=20000
"gzfile" "readRDS" "loadNamespace" 
"fun" "lazyLoadDBexec" "lazyLoad" "eval" "eval" "eval" "eval" "eval.parent" "local" "eval" "eval" "sys.source" "doTryCatch" "tryCatchOne" "tryCatchList" "tryCatch" "try" "loadNamespace" 
"gzfile" "readRDS" "loadNamespace" "doTryCatch" "tryCatchOne" "tryCatchList" "tryCatch" "proj_find" "proj_set" "proj_get" "scoped_path_r" "usethis::edit_r_profile" 
"file" "readLines" "match_contents" "f" "rprojroot::find_root" "doTryCatch" "tryCatchOne" "tryCatchList" "tryCatch" "proj_find" "proj_set" "proj_get" "scoped_path_r" "usethis::edit_r_profile" 
"match.arg" "encodeString" "ui_value" "ui_path" "eval" "eval" ".transformer" "%||%" "<Anonymous>" "glue_data" "glue" "ui_todo" "edit_file" "usethis::edit_r_profile" 
".Call" ".rs.api.sendRequest" ".rs.api.documentOpen" "<Anonymous>" "do.call" "callFun" "rstudioapi::navigateToFile" "edit_file" "usethis::edit_r_profile" 
".Call" ".rs.api.sendRequest" ".rs.api.documentOpen" "<Anonymous>" "do.call" "callFun" "rstudioapi::navigateToFile" "edit_file" "usethis::edit_r_profile" 
".Call" ".rs.api.sendRequest" ".rs.api.documentOpen" "<Anonymous>" "do.call" "callFun" "rstudioapi::navigateToFile" "edit_file" "usethis::edit_r_profile" 
".Call" ".rs.api.sendRequest" ".rs.api.documentOpen" "<Anonymous>" "do.call" "callFun" "rstudioapi::navigateToFile" "edit_file" "usethis::edit_r_profile" 
".Call" ".rs.api.sendRequest" ".rs.api.documentOpen" "<Anonymous>" "do.call" "callFun" "rstudioapi::navigateToFile" "edit_file" "usethis::edit_r_profile" 
".Call" ".rs.readSourceDocument" ".rs.discoverPackageDependencies" ".rs.rpc.discover_package_dependencies" 
".Call" ".rs.readSourceDocument" ".rs.discoverPackageDependencies" ".rs.rpc.discover_package_dependencies" 
"ls" "FUN" "lapply" ".rs.objectsOnSearchPath" ".rs.getCompletionsSearchPath" "Reduce" ".rs.rpc.get_completions" 
"gzfile" "readRDS" "data" "withCallingHandlers" "suppressWarnings" "doTryCatch" "tryCatchOne" "tryCatchList" "tryCatch" ".rs.getHelpFromObject" ".rs.getHelpFunction" "impl" ".rs.rpc.get_help" 
"gzfile" "readRDS" "lazyLoadDBexec" "tools:::fetchRdDB" "utils:::.getHelpFile" "Rd2HTML" "tools:::httpd" "withCallingHandlers" "suppressWarnings" ".rs.getHelp" ".rs.getHelpFromObject" ".rs.getHelpFunction" "impl" ".rs.rpc.get_help" 
"file" "readLines" ".Rd_get_latex" "writeBlock" "writeContent" "writeBlock" "writeContent" "writeBlock" "writeContent" "writeSection" "Rd2HTML" "tools:::httpd" "withCallingHandlers" "suppressWarnings" ".rs.getHelp" ".rs.getHelpFromObject" ".rs.getHelpFunction" "impl" ".rs.rpc.get_help" 
"grepl" "ifelse" "paste" "urlify" "paste0" "writeLink" "writeBlock" "writeContent" "writeWrapped" "writeBlock" "writeContent" "writeSection" "Rd2HTML" "tools:::httpd" "withCallingHandlers" "suppressWarnings" ".rs.getHelp" ".rs.getHelpFromObject" ".rs.getHelpFunction" "impl" ".rs.rpc.get_help" 
"file" "readLines" "paste" "tools:::httpd" "withCallingHandlers" "suppressWarnings" ".rs.getHelp" ".rs.getHelpFromObject" ".rs.getHelpFunction" "impl" ".rs.rpc.get_help" 
"ls" "FUN" "lapply" ".rs.objectsOnSearchPath" ".rs.getCompletionsSearchPath" "Reduce" ".rs.rpc.get_completions" 
"ls" "FUN" "lapply" ".rs.objectsOnSearchPath" ".rs.getCompletionsSearchPath" "Reduce" ".rs.rpc.get_completions" 
".Call" ".rs.scoreMatches" ".rs.sortCompletions" ".rs.getCompletionsPackages" "Reduce" ".rs.rpc.get_completions" 
